<?xml version="1.0" encoding="UTF-8"?>
<!-- Generated by org.testng.reporters.JUnitReportReporter -->
<testsuite hostname="GCS-LT-210" failures="0" tests="1" name="gcstest.Sample" time="95.299" errors="0" timestamp="2023-07-01T22:34:02 IST" skipped="0">
  <testcase classname="gcstest.Sample" name="demo" time="95.299"/>
</testsuite> <!-- gcstest.Sample -->
