<?xml version="1.0" encoding="UTF-8"?>
<!-- Generated by org.testng.reporters.JUnitReportReporter -->
<testsuite hostname="GCS-LT-210" failures="0" tests="1" name="gcstest.Travel" time="11.007" errors="0" timestamp="2023-07-03T11:36:51 IST" skipped="0">
  <testcase classname="gcstest.Travel" name="Desk" time="11.007"/>
</testsuite> <!-- gcstest.Travel -->
