<?xml version="1.0" encoding="UTF-8"?>
<!-- Generated by org.testng.reporters.JUnitReportReporter -->
<testsuite hostname="GCS-LT-210" failures="0" tests="1" name="gcstest.Travel" time="11.510" errors="0" timestamp="2023-07-02T21:59:43 IST" skipped="0">
  <testcase classname="gcstest.Travel" name="Desk" time="11.510"/>
</testsuite> <!-- gcstest.Travel -->
